[2023-07-19 18:35:05] local.INFO: string_2023-07-19 18:35:05 [{"SessionId":"string","MessageKey":"string","DeliveryInformation":{"Address":{"Msisdn":"string","Asid":"Asid"},"SmsDeliveryStatus":"Delivered"},"NamedParam":{"Key":"string","Value":"string"},"NamedParam2":{"Key":"string","Value":"string"}}] 
[2023-07-19 18:35:10] local.INFO: string_2023-07-19 18:35:10 [{"SessionId":"string","SmsServiceActivationNumber":"string","SenderAddress ":{"Msisdn":"string","Asid":"Asid"},"Message":"string","MessageKey":"string","PartTotal":"int","PartNo":"int","NamedParam":{"Key":"string","Value":"string"},"NamedParam2":{"Key":"string","Value":"string"}}] 
[2023-07-24 11:13:07] local.INFO: Something happened!  
[2023-07-24 11:39:18] local.INFO: Something happened!  
[2023-07-24 11:52:06] local.INFO: Something happened!  
[2023-07-24 11:57:09] local.INFO: Something happened!  
[2023-07-24 11:57:48] local.INFO: Something happened!  
[2023-07-24 11:58:52] local.INFO: Something happened!  
[2023-07-24 11:59:17] local.INFO: Something happened!  
[2023-07-24 12:07:32] local.INFO: Something happened!  
[2023-07-24 12:07:58] local.INFO: Something happened!  
[2023-07-24 12:08:19] local.INFO: Something happened!  
[2023-07-24 12:08:49] local.INFO: Something happened!  
[2023-07-24 12:09:52] local.INFO: Something happened!  
[2023-07-24 12:10:01] local.INFO: Something happened!  
[2023-07-24 12:10:59] local.INFO: Something happened!  
[2023-07-24 12:16:50] local.INFO: Something happened!  
[2023-07-24 12:16:54] local.INFO: Something happened!  
[2023-07-24 12:17:14] local.INFO: Something happened!  
[2023-07-24 12:17:31] local.INFO: Something happened!  
[2023-07-24 12:17:47] local.INFO: Something happened!  
[2023-07-24 12:18:42] local.INFO: Something happened!  
[2023-07-24 12:18:54] local.INFO: Something happened!  
[2023-07-24 12:19:15] local.INFO: Something happened!  
[2023-07-24 12:19:18] local.INFO: Something happened!  
[2023-07-24 12:19:19] local.INFO: Something happened!  
[2023-07-24 12:19:20] local.INFO: Something happened!  
[2023-07-24 12:19:34] local.INFO: Something happened!  
[2023-07-24 12:21:19] local.INFO: Something happened!  
[2023-07-24 12:22:39] local.INFO: Something happened!  
[2023-07-24 12:23:39] local.INFO: Something happened!  
[2023-07-24 12:23:46] local.INFO: Something happened!  
[2023-07-24 12:23:58] local.INFO: Something happened!  
[2023-07-24 12:24:00] local.INFO: Something happened!  
[2023-07-24 12:24:01] local.INFO: Something happened!  
[2023-07-24 12:24:52] local.INFO: Something happened!  
[2023-07-24 12:24:54] local.INFO: Something happened!  
[2023-07-24 12:25:16] local.INFO: Something happened!  
[2023-07-24 12:25:21] local.INFO: Something happened!  
[2023-07-24 12:25:49] local.INFO: Something happened!  
[2023-07-24 12:25:50] local.INFO: Something happened!  
[2023-07-24 12:26:37] local.INFO: Something happened!  
[2023-07-24 12:27:19] local.INFO: Something happened!  
[2023-07-24 12:27:33] local.INFO: Something happened!  
[2023-07-24 12:27:56] local.INFO: Something happened!  
[2023-07-24 12:27:59] local.INFO: Something happened!  
[2023-07-24 12:28:05] local.INFO: Something happened!  
[2023-07-24 12:28:11] local.INFO: Something happened!  
[2023-07-24 12:28:49] local.INFO: Something happened!  
[2023-07-24 12:28:54] local.INFO: Something happened!  
[2023-07-24 12:29:15] local.INFO: Something happened!  
[2023-07-24 12:29:43] local.INFO: Something happened!  
[2023-07-24 12:30:11] local.INFO: Something happened!  
[2023-07-24 12:30:21] local.INFO: Something happened!  
[2023-07-24 12:31:07] local.INFO: Something happened!  
[2023-07-24 12:31:26] local.INFO: Something happened!  
[2023-07-24 12:32:01] local.INFO: Something happened!  
[2023-07-24 12:32:51] local.INFO: Something happened!  
[2023-07-24 12:32:52] local.INFO: Something happened!  
[2023-07-24 12:32:53] local.INFO: Something happened!  
[2023-07-24 12:32:54] local.INFO: Something happened!  
[2023-07-24 12:32:55] local.INFO: Something happened!  
[2023-07-24 12:33:12] local.INFO: Something happened!  
[2023-07-24 12:33:14] local.INFO: Something happened!  
[2023-07-24 12:33:34] local.INFO: Something happened!  
[2023-07-24 12:33:35] local.INFO: Something happened!  
[2023-07-24 12:33:46] local.INFO: Something happened!  
[2023-07-24 12:33:48] local.INFO: Something happened!  
[2023-07-24 12:33:49] local.INFO: Something happened!  
[2023-07-24 12:33:51] local.INFO: Something happened!  
[2023-07-24 12:33:52] local.INFO: Something happened!  
[2023-07-24 12:33:56] local.INFO: Something happened!  
[2023-07-24 12:33:58] local.INFO: Something happened!  
[2023-07-24 12:33:59] local.INFO: Something happened!  
[2023-07-24 12:34:00] local.INFO: Something happened!  
[2023-07-24 12:34:27] local.INFO: Something happened!  
[2023-07-24 12:35:06] local.INFO: Something happened!  
[2023-07-24 12:35:41] local.INFO: Something happened!  
[2023-07-24 12:36:18] local.INFO: Something happened!  
[2023-07-24 12:36:22] local.INFO: Something happened!  
[2023-07-24 12:36:25] local.INFO: Something happened!  
[2023-07-24 12:37:24] local.INFO: Something happened!  
[2023-07-24 12:37:26] local.INFO: Something happened!  
[2023-07-24 12:37:27] local.INFO: Something happened!  
[2023-07-24 12:37:28] local.INFO: Something happened!  
[2023-07-24 12:37:40] local.INFO: Something happened!  
[2023-07-24 12:37:41] local.INFO: Something happened!  
[2023-07-24 12:37:43] local.INFO: Something happened!  
[2023-07-24 12:37:44] local.INFO: Something happened!  
[2023-07-24 12:38:06] local.INFO: Something happened!  
[2023-07-24 12:38:15] local.INFO: Something happened!  
[2023-07-24 12:41:53] local.INFO: Something happened!  
[2023-07-24 12:41:54] local.INFO: Something happened!  
[2023-07-24 12:43:54] local.INFO: Something happened!  
[2023-07-24 12:43:56] local.INFO: Something happened!  
[2023-07-24 12:44:43] local.INFO: Something happened!  
[2023-07-24 12:44:45] local.INFO: Something happened!  
[2023-07-24 12:45:28] local.INFO: Something happened!  
[2023-07-24 12:45:54] local.INFO: Something happened!  
[2023-07-24 12:45:56] local.INFO: Something happened!  
[2023-07-24 12:45:59] local.INFO: Something happened!  
[2023-07-24 12:46:01] local.INFO: Something happened!  
[2023-07-24 12:46:19] local.INFO: Something happened!  
[2023-07-24 12:46:23] local.INFO: Something happened!  
[2023-07-24 12:46:24] local.INFO: Something happened!  
[2023-07-24 12:48:01] local.INFO: Something happened!  
[2023-07-24 12:48:07] local.INFO: Something happened!  
[2023-07-24 12:48:35] local.INFO: Something happened!  
[2023-07-24 12:48:52] local.INFO: Something happened!  
[2023-07-24 12:57:48] local.INFO: Something happened!  
[2023-07-24 12:58:20] local.INFO: Something happened!  
[2023-07-24 12:58:43] local.INFO: Something happened!  
[2023-07-24 12:59:10] local.INFO: Something happened!  
[2023-07-24 12:59:18] local.INFO: Something happened!  
[2023-07-24 12:59:39] local.INFO: Something happened!  
[2023-07-24 12:59:52] local.INFO: Something happened!  
[2023-07-24 13:00:15] local.INFO: Something happened!  
[2023-07-24 13:01:06] local.INFO: Something happened!  
[2023-07-24 13:01:24] local.INFO: Something happened!  
[2023-07-24 13:01:34] local.INFO: Something happened!  
[2023-07-24 13:01:47] local.INFO: Something happened!  
[2023-07-24 13:02:07] local.INFO: Something happened!  
[2023-07-24 13:02:17] local.INFO: Something happened!  
[2023-07-24 13:03:50] local.INFO: Something happened!  
[2023-07-24 13:04:45] local.INFO: Something happened!  
[2023-07-24 13:07:36] local.INFO: Something happened!  
[2023-07-24 13:07:51] local.INFO: Something happened!  
[2023-07-24 13:08:03] local.INFO: Something happened!  
[2023-07-24 13:08:20] local.INFO: Something happened!  
[2023-07-24 13:08:21] local.INFO: Something happened!  
[2023-07-24 13:08:24] local.INFO: Something happened!  
[2023-07-24 13:10:02] local.INFO: Something happened!  
[2023-07-24 13:11:31] local.INFO: Something happened!  
[2023-07-24 13:13:59] local.INFO: Something happened!  
[2023-07-24 13:14:58] local.INFO: Something happened!  
[2023-07-24 13:15:00] local.INFO: Something happened!  
[2023-07-24 13:16:21] local.INFO: Something happened!  
[2023-07-24 13:17:08] local.INFO: Something happened!  
[2023-07-24 13:17:37] local.INFO: Something happened!  
[2023-07-24 13:17:46] local.INFO: Something happened!  
[2023-07-24 13:18:35] local.INFO: Something happened!  
[2023-07-24 13:18:48] local.INFO: Something happened!  
[2023-07-24 13:19:37] local.INFO: Something happened!  
[2023-07-24 13:19:56] local.INFO: Something happened!  
[2023-07-24 13:23:10] local.INFO: Something happened!  
[2023-07-24 13:23:31] local.INFO: Something happened!  
[2023-07-24 13:23:57] local.INFO: Something happened!  
[2023-07-24 13:24:07] local.INFO: SubscriptionCreatedRequest_2023-07-24 13:24:07 {"simpref":"SubscriptionCreated","request":{"PartnerReference":"string","TxKey":"string","Subscription":{"Key":"string","OfferKey":"string","ProductKey":"string","CreateDate":"dateTime","StartDate":"dateTime","LastRenewalDate":"dateTime","Status":"ACTIVE","SubscriptionProfile":{"ServiceProfileAttributeKey":"string","AttrValue":"string"},"SubscriptionProfile2":{"ServiceProfileAttributeKey":"string","AttrValue":"string"},"OnetimePricingPlans":{"AbstractSubscriptionPricingPlan":{"Key":"string","SubscriptionKey":"string","PricingPlanKey":"string","CreateDate":"dateTime"},"ChargingStatus":"INIT"},"OnetimePricingPlans2":{"AbstractSubscriptionPricingPlan":{"Key":"string","SubscriptionKey":"string","PricingPlanKey":"string","CreateDate":"dateTime"},"ChargingStatus":"INIT"},"RecurringPricingPlans":{"AbstractSubscriptionPricingPlan":{"Key":"string","SubscriptionKey":"string","PricingPlanKey":"string","CreateDate":"dateTime"},"CurrentInterval":"integer","AutoRenew":"integer","CreateDate":"integer","StartDate":"integer","LastRenewalDate":"integer","NextRenewalDate":"integer","UnpaidPeriodEndDate":"integer","ReminderDate":"integer","PeriodBalanceInMillis":"integer"},"RecurringPricingPlans2":{"AbstractSubscriptionPricingPlan":{"Key":"string","SubscriptionKey":"string","PricingPlanKey":"string","CreateDate":"dateTime"},"CurrentInterval":"integer","AutoRenew":"integer","CreateDate":"integer","StartDate":"integer","LastRenewalDate":"integer","NextRenewalDate":"integer","UnpaidPeriodEndDate":"integer","ReminderDate":"integer","PeriodBalanceInMillis":"integer"},"UsagePricingPlans":{"AbstractSubscriptionPricingPlan":{"Key":"string","SubscriptionKey":"string","PricingPlanKey":"string","CreateDate":"dateTime"},"ServiceKey":"integer","ChargingModel":"FLAT","StartDate":"integer","LastRenewalDate":"integer","NextRenewalDate":"integer","UnpaidPeriodEndDate":"integer"},"UsagePricingPlan2s":{"AbstractSubscriptionPricingPlan":{"Key":"string","SubscriptionKey":"string","PricingPlanKey":"string","CreateDate":"dateTime"},"ServiceKey":"integer","ChargingModel":"FLAT","StartDate":"integer","LastRenewalDate":"integer","NextRenewalDate":"integer","UnpaidPeriodEndDate":"integer"}},"NotificationKey":"string","Address ":{"Msisdn":"string","Asid":"string"},"NamedParam ":{"Key":"string","Value":"string"},"NamedParam2":{"Key":"string","Value":"string"}}} 
[2023-07-24 13:24:07] local.INFO: SubscriptionCreated 2023-07-24 13:24:07 [{"ServiceResult ":{"ResultCode":"OK","ResultTxt":"Başarılı","SmsMessage":"ALLPLAY servisi aboneliğiniz başladı Aboneliğiniz tüm vergiler dahil aylık TLdir.Aylık olarak yenilenecektir.Aboneliğinizi iptal etmek isterseniz IPTAL ALLPLAY yazıp 9093 e gönderebilirsiniz Bilgi:05557383750 ","SmsHeader":"9093"}}] 
[2023-07-24 13:24:31] local.INFO: Something happened!  
[2023-07-24 13:24:52] local.INFO: Something happened!  
[2023-07-24 13:24:54] local.INFO: Something happened!  
[2023-07-24 13:24:58] local.INFO: Something happened!  
[2023-07-24 13:24:59] local.INFO: Something happened!  
[2023-07-24 13:25:02] local.INFO: Something happened!  
[2023-07-24 13:25:10] local.INFO: Something happened!  
[2023-07-24 13:25:11] local.INFO: Something happened!  
[2023-07-24 13:25:24] local.INFO: Something happened!  
[2023-07-24 13:25:31] local.INFO: Something happened!  
[2023-07-24 13:25:34] local.INFO: Something happened!  
[2023-07-24 13:26:48] local.INFO: Something happened!  
[2023-07-24 13:27:45] local.INFO: Something happened!  
[2023-07-24 13:28:27] local.INFO: Something happened!  
[2023-07-24 13:36:25] local.INFO: Something happened!  
[2023-07-24 13:36:39] local.INFO: Something happened!  
[2023-07-24 13:36:52] local.INFO: Something happened!  
[2023-07-24 13:37:16] local.INFO: Something happened!  
[2023-07-24 13:37:25] local.INFO: Something happened!  
[2023-07-24 13:37:58] local.INFO: Something happened!  
[2023-07-24 13:38:12] local.INFO: Something happened!  
[2023-07-24 13:38:55] local.INFO: Something happened!  
[2023-07-24 13:39:09] local.INFO: Something happened!  
[2023-07-24 13:39:40] local.INFO: Something happened!  
[2023-07-24 13:39:47] local.INFO: Something happened!  
[2023-07-24 13:41:45] local.INFO: Something happened!  
[2023-07-24 13:42:02] local.INFO: Something happened!  
[2023-07-24 13:42:05] local.INFO: Something happened!  
[2023-07-24 13:42:46] local.INFO: Something happened!  
[2023-07-24 13:42:47] local.INFO: Something happened!  
[2023-07-24 13:42:49] local.INFO: Something happened!  
[2023-07-24 13:42:50] local.INFO: Something happened!  
[2023-07-24 13:42:52] local.INFO: Something happened!  
[2023-07-24 13:49:42] local.INFO: Something happened!  
[2023-07-24 13:49:46] local.INFO: Something happened!  
[2023-07-24 13:49:48] local.INFO: Something happened!  
[2023-07-24 14:24:51] local.INFO: Something happened!  
[2023-07-24 14:24:54] local.INFO: Something happened!  
[2023-07-24 14:24:58] local.INFO: Something happened!  
[2023-07-24 14:25:00] local.INFO: Something happened!  
[2023-07-24 14:25:02] local.INFO: Something happened!  
[2023-07-24 14:25:04] local.INFO: Something happened!  
[2023-07-24 14:25:05] local.INFO: Something happened!  
[2023-07-24 14:25:47] local.INFO: Something happened!  
[2023-07-24 14:25:49] local.INFO: Something happened!  
[2023-07-24 14:25:50] local.INFO: Something happened!  
[2023-07-24 14:42:25] local.INFO: SubscriptionRenewedRequest dateTime2023-07-24 14:42:25 {"simpref":"SubscriptionRenewFailed","request":{"NotificationKey ":"string","Subscription":{"Key":"string","OfferKey":"string","ProductKey":"string","CreateDate":"dateTime","StartDate":"dateTime","LastRenewalDate":"dateTime","Status":"ACTIVE","SubscriptionProfile":{"ServiceProfileAttributeKey":"string","AttrValue":"string"},"SubscriptionProfile2":{"ServiceProfileAttributeKey":"string","AttrValue":"string"},"OnetimePricingPlans":{"AbstractSubscriptionPricingPlan":{"Key":"string","SubscriptionKey":"string","PricingPlanKey":"string","CreateDate":"dateTime"},"ChargingStatus":"INIT"},"OnetimePricingPlans2":{"AbstractSubscriptionPricingPlan":{"Key":"string","SubscriptionKey":"string","PricingPlanKey":"string","CreateDate":"dateTime"},"ChargingStatus":"INIT"},"RecurringPricingPlans":{"AbstractSubscriptionPricingPlan":{"Key":"string","SubscriptionKey":"string","PricingPlanKey":"string","CreateDate":"dateTime"},"CurrentInterval":"integer","AutoRenew":"integer","CreateDate":"integer","StartDate":"integer","LastRenewalDate":"integer","NextRenewalDate":"integer","UnpaidPeriodEndDate":"integer","ReminderDate":"integer","PeriodBalanceInMillis":"integer"},"RecurringPricingPlans2":{"AbstractSubscriptionPricingPlan":{"Key":"string","SubscriptionKey":"string","PricingPlanKey":"string","CreateDate":"dateTime"},"CurrentInterval":"integer","AutoRenew":"integer","CreateDate":"integer","StartDate":"integer","LastRenewalDate":"integer","NextRenewalDate":"integer","UnpaidPeriodEndDate":"integer","ReminderDate":"integer","PeriodBalanceInMillis":"integer"},"UsagePricingPlans":{"AbstractSubscriptionPricingPlan":{"Key":"string","SubscriptionKey":"string","PricingPlanKey":"string","CreateDate":"dateTime"},"ServiceKey":"integer","ChargingModel":"FLAT","StartDate":"integer","LastRenewalDate":"integer","NextRenewalDate":"integer","UnpaidPeriodEndDate":"integer"},"UsagePricingPlan2s":{"AbstractSubscriptionPricingPlan":{"Key":"string","SubscriptionKey":"string","PricingPlanKey":"string","CreateDate":"dateTime"},"ServiceKey":"integer","ChargingModel":"FLAT","StartDate":"integer","LastRenewalDate":"integer","NextRenewalDate":"integer","UnpaidPeriodEndDate":"integer"}},"Address ":{"Msisdn":"string","Asid":"string"},"TxKey":"string","PartnerReference":"string","ReasonCode":"string","NamedParam ":{"Key":"string","Value":"string"},"NamedParam2":{"Key":"string","Value":"string"}}} 
[2023-07-24 14:42:25] local.INFO: SubscriptionRenewFailedResponse_2023-07-24 14:42:25 [{"ServiceResult ":{"ResultCode":"OK","ResultTxt":"","SmsMessage":"","SmsHeader":"9093"}}] 
[2023-07-24 16:24:04] local.INFO: SubscriptionToBeDeactivatedRequest_2023-07-24 16:24:04 {"simpref":"SubscriptionToBeDeactivated","request":{"NotificationKey ":"string","Subscription":{"Key":"string","OfferKey":"string","ProductKey":"string","CreateDate":"dateTime","StartDate":"dateTime","LastRenewalDate":"dateTime","Status":"ACTIVE","SubscriptionProfile":{"ServiceProfileAttributeKey":"string","AttrValue":"string"},"SubscriptionProfile2":{"ServiceProfileAttributeKey":"string","AttrValue":"string"},"OnetimePricingPlans":{"AbstractSubscriptionPricingPlan":{"Key":"string","SubscriptionKey":"string","PricingPlanKey":"string","CreateDate":"dateTime"},"ChargingStatus":"INIT"},"OnetimePricingPlans2":{"AbstractSubscriptionPricingPlan":{"Key":"string","SubscriptionKey":"string","PricingPlanKey":"string","CreateDate":"dateTime"},"ChargingStatus":"INIT"},"RecurringPricingPlans":{"AbstractSubscriptionPricingPlan":{"Key":"string","SubscriptionKey":"string","PricingPlanKey":"string","CreateDate":"dateTime"},"CurrentInterval":"integer","AutoRenew":"integer","CreateDate":"integer","StartDate":"integer","LastRenewalDate":"integer","NextRenewalDate":"integer","UnpaidPeriodEndDate":"integer","ReminderDate":"integer","PeriodBalanceInMillis":"integer"},"RecurringPricingPlans2":{"AbstractSubscriptionPricingPlan":{"Key":"string","SubscriptionKey":"string","PricingPlanKey":"string","CreateDate":"dateTime"},"CurrentInterval":"integer","AutoRenew":"integer","CreateDate":"integer","StartDate":"integer","LastRenewalDate":"integer","NextRenewalDate":"integer","UnpaidPeriodEndDate":"integer","ReminderDate":"integer","PeriodBalanceInMillis":"integer"},"UsagePricingPlans":{"AbstractSubscriptionPricingPlan":{"Key":"string","SubscriptionKey":"string","PricingPlanKey":"string","CreateDate":"dateTime"},"ServiceKey":"integer","ChargingModel":"FLAT","StartDate":"integer","LastRenewalDate":"integer","NextRenewalDate":"integer","UnpaidPeriodEndDate":"integer"},"UsagePricingPlan2s":{"AbstractSubscriptionPricingPlan":{"Key":"string","SubscriptionKey":"string","PricingPlanKey":"string","CreateDate":"dateTime"},"ServiceKey":"integer","ChargingModel":"FLAT","StartDate":"integer","LastRenewalDate":"integer","NextRenewalDate":"integer","UnpaidPeriodEndDate":"integer"}},"Address ":{"Msisdn":"string","Asid":"string"},"TxKey":"string","PartnerReference":"string","NamedParam ":{"Key":"string","Value":"string"},"NamedParam2":{"Key":"string","Value":"string"}}} 
[2023-07-24 16:24:04] local.INFO: SubscriptionToBeDeactivatedResponse - 2023-07-24 16:24:04 [{"ServiceResult ":{"ResultCode":"OK","ResultTxt":"OK"},"resultCode":{"ResultCode":"Talebiniz uzere uyeliginiz iptal edilmistir .","ResultTxt":"9093"}}] 
[2023-07-24 16:31:46] local.INFO: SubscriptionTrialToBeEnded_dateTime2023-07-24 16:31:46 {"simpref":"SubscriptionTrialToBeEnded","request":{"NotificationKey ":"string","Subscription":{"Key":"string","OfferKey":"string","ProductKey":"string","CreateDate":"dateTime","StartDate":"dateTime","LastRenewalDate":"dateTime","Status":"ACTIVE","SubscriptionProfile":{"ServiceProfileAttributeKey":"string","AttrValue":"string"},"SubscriptionProfile2":{"ServiceProfileAttributeKey":"string","AttrValue":"string"},"OnetimePricingPlans":{"AbstractSubscriptionPricingPlan":{"Key":"string","SubscriptionKey":"string","PricingPlanKey":"string","CreateDate":"dateTime"},"ChargingStatus":"INIT"},"OnetimePricingPlans2":{"AbstractSubscriptionPricingPlan":{"Key":"string","SubscriptionKey":"string","PricingPlanKey":"string","CreateDate":"dateTime"},"ChargingStatus":"INIT"},"RecurringPricingPlans":{"AbstractSubscriptionPricingPlan":{"Key":"string","SubscriptionKey":"string","PricingPlanKey":"string","CreateDate":"dateTime"},"CurrentInterval":"integer","AutoRenew":"integer","CreateDate":"integer","StartDate":"integer","LastRenewalDate":"integer","NextRenewalDate":"integer","UnpaidPeriodEndDate":"integer","ReminderDate":"integer","PeriodBalanceInMillis":"integer"},"RecurringPricingPlans2":{"AbstractSubscriptionPricingPlan":{"Key":"string","SubscriptionKey":"string","PricingPlanKey":"string","CreateDate":"dateTime"},"CurrentInterval":"integer","AutoRenew":"integer","CreateDate":"integer","StartDate":"integer","LastRenewalDate":"integer","NextRenewalDate":"integer","UnpaidPeriodEndDate":"integer","ReminderDate":"integer","PeriodBalanceInMillis":"integer"},"UsagePricingPlans":{"AbstractSubscriptionPricingPlan":{"Key":"string","SubscriptionKey":"string","PricingPlanKey":"string","CreateDate":"dateTime"},"ServiceKey":"integer","ChargingModel":"FLAT","StartDate":"integer","LastRenewalDate":"integer","NextRenewalDate":"integer","UnpaidPeriodEndDate":"integer"},"UsagePricingPlan2s":{"AbstractSubscriptionPricingPlan":{"Key":"string","SubscriptionKey":"string","PricingPlanKey":"string","CreateDate":"dateTime"},"ServiceKey":"integer","ChargingModel":"FLAT","StartDate":"integer","LastRenewalDate":"integer","NextRenewalDate":"integer","UnpaidPeriodEndDate":"integer"}},"Address ":{"Msisdn":"string","Asid":"string"},"TxKey":"string","PartnerReference":"string","RenewalDate":"string","NamedParam ":{"Key":"string","Value":"string"},"NamedParam2":{"Key":"string","Value":"string"}}} 
[2023-07-24 16:31:46] local.INFO: SubscriptionTrialToBeEndedResponse_2023-07-24 16:31:46 [{"ServiceResult ":{"ResultCode":"OK","ResultTxt":"ALLPLAY servisi aboneliğiniz 3 gün sonra otomatik olarak yenilenecektir. ALLPLAY servisi ücreti 89 TL dir ve aylık olarak yenilenir Aboneliğinizi iptal etmek isterseniz IPTAL ALLPLAY yazıp 9093 e gönderebilirsiniz Bilgi : 05557383750","SmsMessage":"","SmsHeader":"9093"}}] 
[2023-07-24 16:51:01] local.INFO: string_2023-07-24 16:51:01 [{"SessionId":"string","MessageKey":"string","DeliveryInformation":{"Address":{"Msisdn":"string","Asid":"Asid"},"SmsDeliveryStatus":"Delivered"},"NamedParam":{"Key":"string","Value":"string"},"NamedParam2":{"Key":"string","Value":"string"}}] 
